PLINK v1.90b6.21 64-bit (19 Oct 2020)
Options in effect:
  --bfile /home/wolftech/hoh5/Personal_project/1KGP/1kgp_merged_nodup
  --out /home/wolftech/hoh5/Personal_project/GWASsummarystats/Asthma_Demenais-et-al/PRS_results/1kgp_allchr_asthmaPRS
  --score /home/wolftech/hoh5/Personal_project/GWASsummarystats/Asthma_Demenais-et-al/asthma_allchr.prs 1 2 3 sum

Hostname: PHHI-HPC001
Working directory: /home/wolftech/hoh5/Personal_project/GWASsummarystats/Asthma_Demenais-et-al
Start time: Sun Jul 27 16:29:18 2025

Random number seed: 1753648158
192080 MB RAM detected; reserving 96040 MB for main workspace.
81271418 variants loaded from .bim file.
2504 people (0 males, 0 females, 2504 ambiguous) loaded from .fam.
Ambiguous sex IDs written to
/home/wolftech/hoh5/Personal_project/GWASsummarystats/Asthma_Demenais-et-al/PRS_results/1kgp_allchr_asthmaPRS.nosex
.
Using 1 thread (no multithreaded calculations invoked).
Before main variant filters, 2504 founders and 0 nonfounders present.
Calculating allele frequencies... done.
Total genotyping rate is 0.999831.
81271418 variants and 2504 people pass filters and QC.
Note: No phenotypes present.
Warning: 1987589 lines skipped in --score file (1987589 due to variant ID
mismatch, 0 due to allele code mismatch); see
/home/wolftech/hoh5/Personal_project/GWASsummarystats/Asthma_Demenais-et-al/PRS_results/1kgp_allchr_asthmaPRS.nopred
for details.
--score: 13667 valid predictors loaded.
--score: Results written to
/home/wolftech/hoh5/Personal_project/GWASsummarystats/Asthma_Demenais-et-al/PRS_results/1kgp_allchr_asthmaPRS.profile
.

End time: Sun Jul 27 16:30:56 2025
